2026-02-17 14:34:37,145 | Добави клуб Черно Море [Варна Варна]
2026-02-17 14:34:44,874 | покажи всички клубове
2026-02-17 14:34:56,609 | изтрий клуб Черно Мооре
2026-02-17 14:35:05,369 | изтрий клуб Черно Море
2026-02-17 14:35:21,409 | Изтрий клуб Черно Море [Варна Варна]
2026-02-17 14:37:13,169 | pomosht
2026-02-17 14:37:16,265 | помощ
2026-02-17 14:37:42,466 | покажи всички клубове
2026-02-17 14:41:44,401 | добави клуб Черно Море[Варна]
2026-02-17 14:41:55,177 | покажи всички клубове
2026-02-24 14:51:48,626 | покажи всички клубове
2026-02-24 14:52:04,883 | добави клуб Черно Море (Варна)
2026-02-24 14:52:19,450 | Покажи Играчи на левски
2026-02-24 14:52:27,130 | покажи играчи на левски софия
2026-02-24 14:52:35,818 | покажи изграчи на левски софия (софия)
2026-02-24 14:52:59,602 | Покажи играчи на Левски София
2026-05-27 10:29:36,965 | Покажи играчи на Черно Море
2026-05-27 10:29:46,353 | Покажи играчи на Черно Море Варна
2026-05-27 10:29:57,768 | клубове
2026-05-27 10:30:09,969 | Покажи играчи на Черно море
2026-05-27 10:30:49,921 | покажи събития
2026-05-27 10:30:53,896 | Покажи събития
2026-05-27 10:31:18,544 | Покажи класиране
2026-05-27 10:31:40,145 | покажи лиги
2026-05-27 10:31:49,513 | помощ
2026-05-27 10:32:57,697 | Покажи класиране Първа лига 2025/2026
2026-05-27 10:33:31,585 | Резултат Черно море-Лудогорец 3:1 запиши
2026-05-27 10:33:49,145 | създай мач
2026-05-27 10:46:17,513 | Прогноза Черно море срещу Лудогорец
2026-05-27 10:48:02,177 | Прогноза Черно море срещу Лудогорец
2026-05-27 10:50:00,049 | Прогноза Черно море срещу Лудогорец
2026-05-27 10:50:07,760 | покажи тобори
2026-05-27 10:50:10,953 | покажи отбори
2026-05-27 10:50:17,562 | клубове
2026-05-27 10:59:36,801 | Прогноза Черно море срещу Лудогорец
2026-06-24 11:50:08,491 | ???????
2026-06-24 11:50:08,491 | ?????? ????????? ????? ???? 2025/2026
2026-06-24 11:50:08,491 | ???????? ?????? ????? ????? ???? ?????
2026-06-24 11:50:08,491 | ?????
